  MarchingCubes.cpp
d:\project\learnproject\marching_cubes\marchingcubes\marchingcubes.cpp(482): warning C4244: “=”: 从“double”转换到“float”，可能丢失数据
d:\project\learnproject\marching_cubes\marchingcubes\marchingcubes.cpp(483): warning C4244: “=”: 从“double”转换到“float”，可能丢失数据
d:\project\learnproject\marching_cubes\marchingcubes\marchingcubes.cpp(484): warning C4244: “=”: 从“double”转换到“float”，可能丢失数据
d:\project\learnproject\marching_cubes\marchingcubes\marchingcubes.cpp(534): warning C4018: “<”: 有符号/无符号不匹配
  main.cpp
d:\project\learnproject\marching_cubes\marchingcubes\main.cpp(35): warning C4244: “=”: 从“double”转换到“short”，可能丢失数据
d:\project\learnproject\marching_cubes\marchingcubes\main.cpp(86): warning C4244: “=”: 从“int”转换到“float”，可能丢失数据
d:\project\learnproject\marching_cubes\marchingcubes\main.cpp(87): warning C4244: “=”: 从“int”转换到“float”，可能丢失数据
d:\project\learnproject\marching_cubes\marchingcubes\main.cpp(88): warning C4244: “=”: 从“int”转换到“float”，可能丢失数据
d:\project\learnproject\marching_cubes\marchingcubes\main.cpp(91): warning C4244: “=”: 从“int”转换到“float”，可能丢失数据
d:\project\learnproject\marching_cubes\marchingcubes\main.cpp(92): warning C4244: “=”: 从“int”转换到“float”，可能丢失数据
d:\project\learnproject\marching_cubes\marchingcubes\main.cpp(93): warning C4244: “=”: 从“int”转换到“float”，可能丢失数据
d:\project\learnproject\marching_cubes\marchingcubes\main.cpp(96): warning C4244: “=”: 从“int”转换到“float”，可能丢失数据
d:\project\learnproject\marching_cubes\marchingcubes\main.cpp(97): warning C4244: “=”: 从“int”转换到“float”，可能丢失数据
d:\project\learnproject\marching_cubes\marchingcubes\main.cpp(98): warning C4244: “=”: 从“int”转换到“float”，可能丢失数据
d:\project\learnproject\marching_cubes\marchingcubes\main.cpp(101): warning C4244: “=”: 从“int”转换到“float”，可能丢失数据
d:\project\learnproject\marching_cubes\marchingcubes\main.cpp(102): warning C4244: “=”: 从“int”转换到“float”，可能丢失数据
d:\project\learnproject\marching_cubes\marchingcubes\main.cpp(103): warning C4244: “=”: 从“int”转换到“float”，可能丢失数据
d:\project\learnproject\marching_cubes\marchingcubes\main.cpp(106): warning C4244: “=”: 从“int”转换到“float”，可能丢失数据
d:\project\learnproject\marching_cubes\marchingcubes\main.cpp(107): warning C4244: “=”: 从“int”转换到“float”，可能丢失数据
d:\project\learnproject\marching_cubes\marchingcubes\main.cpp(108): warning C4244: “=”: 从“int”转换到“float”，可能丢失数据
d:\project\learnproject\marching_cubes\marchingcubes\main.cpp(111): warning C4244: “=”: 从“int”转换到“float”，可能丢失数据
d:\project\learnproject\marching_cubes\marchingcubes\main.cpp(112): warning C4244: “=”: 从“int”转换到“float”，可能丢失数据
d:\project\learnproject\marching_cubes\marchingcubes\main.cpp(113): warning C4244: “=”: 从“int”转换到“float”，可能丢失数据
d:\project\learnproject\marching_cubes\marchingcubes\main.cpp(116): warning C4244: “=”: 从“int”转换到“float”，可能丢失数据
d:\project\learnproject\marching_cubes\marchingcubes\main.cpp(117): warning C4244: “=”: 从“int”转换到“float”，可能丢失数据
d:\project\learnproject\marching_cubes\marchingcubes\main.cpp(118): warning C4244: “=”: 从“int”转换到“float”，可能丢失数据
d:\project\learnproject\marching_cubes\marchingcubes\main.cpp(121): warning C4244: “=”: 从“int”转换到“float”，可能丢失数据
d:\project\learnproject\marching_cubes\marchingcubes\main.cpp(122): warning C4244: “=”: 从“int”转换到“float”，可能丢失数据
d:\project\learnproject\marching_cubes\marchingcubes\main.cpp(123): warning C4244: “=”: 从“int”转换到“float”，可能丢失数据
  正在生成代码...
  MarchingCubes.vcxproj -> D:\project\LearnProject\Marching_Cubes\x64\Debug\MarchingCubes.exe
